0 info it worked if it ends with ok
1 verbose cli [ '/usr/local/Cellar/node/7.8.0/bin/node',
1 verbose cli   '/usr/local/bin/npm',
1 verbose cli   'start' ]
2 info using npm@3.10.10
3 info using node@v7.8.0
4 verbose run-script [ 'prestart', 'start', 'poststart' ]
5 info lifecycle npm-trends@1.0.0~prestart: npm-trends@1.0.0
6 silly lifecycle npm-trends@1.0.0~prestart: no script for prestart, continuing
7 info lifecycle npm-trends@1.0.0~start: npm-trends@1.0.0
8 verbose lifecycle npm-trends@1.0.0~start: unsafe-perm in lifecycle true
9 verbose lifecycle npm-trends@1.0.0~start: PATH: /usr/local/lib/node_modules/npm/bin/node-gyp-bin:/Users/jpot/development/npm-trends/node_modules/.bin:/usr/local/Cellar/node/7.8.0/bin:/Users/jpot/.rvm/gems/ruby-2.2.0/bin:/Users/jpot/.rvm/gems/ruby-2.2.0@global/bin:/Users/jpot/.rvm/rubies/ruby-2.2.0/bin:/usr/local/bin:/usr/bin:/bin:/usr/sbin:/sbin:/usr/local/Cellar/node/7.8.0/bin:/Users/jpot/.rvm/bin
10 verbose lifecycle npm-trends@1.0.0~start: CWD: /Users/jpot/development/npm-trends
11 silly lifecycle npm-trends@1.0.0~start: Args: [ '-c', 'node --harmony `which gulp`' ]
12 silly lifecycle npm-trends@1.0.0~start: Returned: code: 1  signal: null
13 info lifecycle npm-trends@1.0.0~start: Failed to exec start script
14 verbose stack Error: npm-trends@1.0.0 start: `node --harmony `which gulp``
14 verbose stack Exit status 1
14 verbose stack     at EventEmitter.<anonymous> (/usr/local/lib/node_modules/npm/lib/utils/lifecycle.js:255:16)
14 verbose stack     at emitTwo (events.js:106:13)
14 verbose stack     at EventEmitter.emit (events.js:194:7)
14 verbose stack     at ChildProcess.<anonymous> (/usr/local/lib/node_modules/npm/lib/utils/spawn.js:40:14)
14 verbose stack     at emitTwo (events.js:106:13)
14 verbose stack     at ChildProcess.emit (events.js:194:7)
14 verbose stack     at maybeClose (internal/child_process.js:899:16)
14 verbose stack     at Process.ChildProcess._handle.onexit (internal/child_process.js:226:5)
15 verbose pkgid npm-trends@1.0.0
16 verbose cwd /Users/jpot/development/npm-trends
17 error Darwin 16.5.0
18 error argv "/usr/local/Cellar/node/7.8.0/bin/node" "/usr/local/bin/npm" "start"
19 error node v7.8.0
20 error npm  v3.10.10
21 error code ELIFECYCLE
22 error npm-trends@1.0.0 start: `node --harmony `which gulp``
22 error Exit status 1
23 error Failed at the npm-trends@1.0.0 start script 'node --harmony `which gulp`'.
23 error Make sure you have the latest version of node.js and npm installed.
23 error If you do, this is most likely a problem with the npm-trends package,
23 error not with npm itself.
23 error Tell the author that this fails on your system:
23 error     node --harmony `which gulp`
23 error You can get information on how to open an issue for this project with:
23 error     npm bugs npm-trends
23 error Or if that isn't available, you can get their info via:
23 error     npm owner ls npm-trends
23 error There is likely additional logging output above.
24 verbose exit [ 1, true ]
